Arguments: 
  C:\Program Files\nodejs\node.exe C:\Users\pvpierre\AppData\Roaming\npm\node_modules\yarn\bin\yarn.js start

PATH: 
  C:\Program Files (x86)\Intel\iCLS Client\;C:\Program Files\Intel\iCLS Client\;C:\Windows\system32;C:\Windows;C:\Windows\System32\Wbem;C:\Windows\System32\WindowsPowerShell\v1.0\;C:\Windows\System32\OpenSSH\;C:\Program Files (x86)\Intel\Intel(R) Management Engine Components\DAL;C:\Program Files\Intel\Intel(R) Management Engine Components\DAL;C:\Program Files (x86)\Intel\Intel(R) Management Engine Components\IPT;C:\Program Files\Intel\Intel(R) Management Engine Components\IPT;C:\Program Files\nodejs\;C:\orant\BIN;C:\Program Files\Git\cmd;C:\Program Files\dotnet\;C:\P43LO\4_PROGRAMAS\instantclient_19_14;C:\Users\pvpierre\.cargo\bin;C:\Users\pvpierre\AppData\Local\Microsoft\WindowsApps;C:\Users\pvpierre\AppData\Local\Programs\Microsoft VS Code\bin;C:\Users\pvpierre\AppData\Roaming\npm;C:\P43LO\4_PROGRAMAS\instantclient_19_14;

Yarn version: 
  1.22.18

Node version: 
  16.14.2

Platform: 
  win32 x64

Trace: 
  SyntaxError: C:\P43LO\6_DEV\ELECTRON\NossoApp\package.json: Unexpected token } in JSON at position 313
      at JSON.parse (<anonymous>)
      at C:\Users\pvpierre\AppData\Roaming\npm\node_modules\yarn\lib\cli.js:1625:59
      at Generator.next (<anonymous>)
      at step (C:\Users\pvpierre\AppData\Roaming\npm\node_modules\yarn\lib\cli.js:310:30)
      at C:\Users\pvpierre\AppData\Roaming\npm\node_modules\yarn\lib\cli.js:321:13

npm manifest: 
  {
    "name": "electron-quick-start",
    "version": "1.0.0",
    "description": "A minimal Electron application",
    "main": "main.js",
    "scripts": {
      "start": "electron .",
      "package-win": "electron-packager . --overwrite --platform=win32 --arch=x64 --icon=images/icon.png --prune=true --out=release-builds",
    },
    "repository": "https://github.com/electron/electron-quick-start",
    "keywords": [
      "Electron",
      "quick",
      "start",
      "tutorial",
      "demo"
    ],
    "author": "GitHub",
    "license": "CC0-1.0",
    "devDependencies": {
      "electron": "^19.0.5",
      "electron-packager": "^15.5.1"
    }
  }

yarn manifest: 
  No manifest

Lockfile: 
  No lockfile
